<?xml version="1.0" encoding="UTF-8" ?>
<testsuite failures="0" time="0.044" errors="0" skipped="0" tests="3" name="com.greenland.memorycards.repository.JdbcUserDaoTest">
  <properties>
[...]
</properties>
  <testcase time="0.032" classname="com.greenland.memorycards.repository.JdbcUserDaoTest" name="testGetUser"/>
  <testcase time="0.007" classname="com.greenland.memorycards.repository.JdbcUserDaoTest" name="testInvalidUser"/>
  <testcase time="0.004" classname="com.greenland.memorycards.repository.JdbcUserDaoTest" name="testGetAllUsers"/>
</testsuite>